0 info it worked if it ends with ok
1 verbose cli [ 'node',
1 verbose cli   '/usr/local/bin/npm',
1 verbose cli   'install',
1 verbose cli   '--global',
1 verbose cli   '--verbose',
1 verbose cli   'promised-io' ]
2 info using npm@1.4.28
3 info using node@v0.10.33
4 verbose cache add [ 'promised-io', null ]
5 verbose cache add name=undefined spec="promised-io" args=["promised-io",null]
6 verbose parsed url { protocol: null,
6 verbose parsed url   slashes: null,
6 verbose parsed url   auth: null,
6 verbose parsed url   host: null,
6 verbose parsed url   port: null,
6 verbose parsed url   hostname: null,
6 verbose parsed url   hash: null,
6 verbose parsed url   search: null,
6 verbose parsed url   query: null,
6 verbose parsed url   pathname: 'promised-io',
6 verbose parsed url   path: 'promised-io',
6 verbose parsed url   href: 'promised-io' }
7 silly lockFile 2fc4bfdb-promised-io promised-io
8 verbose lock promised-io /Users/Gabi/.npm/2fc4bfdb-promised-io.lock
9 silly lockFile 2fc4bfdb-promised-io promised-io
10 silly lockFile 2fc4bfdb-promised-io promised-io
11 verbose addNamed [ 'promised-io', '' ]
12 verbose addNamed [ null, '*' ]
13 silly lockFile ed227c0a-promised-io promised-io@
14 verbose lock promised-io@ /Users/Gabi/.npm/ed227c0a-promised-io.lock
15 silly addNameRange { name: 'promised-io', range: '*', hasData: false }
16 verbose request where is /promised-io
17 verbose request registry https://registry.npmjs.org/
18 verbose request id 248653ecc4c9fb79
19 verbose url raw /promised-io
20 verbose url resolving [ 'https://registry.npmjs.org/', './promised-io' ]
21 verbose url resolved https://registry.npmjs.org/promised-io
22 verbose request where is https://registry.npmjs.org/promised-io
23 info trying registry request attempt 1 at 08:50:15
24 http GET https://registry.npmjs.org/promised-io
25 http 200 https://registry.npmjs.org/promised-io
26 silly registry.get cb [ 200,
26 silly registry.get   { date: 'Mon, 17 Nov 2014 07:50:16 GMT',
26 silly registry.get     server: 'CouchDB/1.5.0 (Erlang OTP/R16B03)',
26 silly registry.get     etag: '"2Y5ZCKUXSJ2XHZHAA0IJKC2K7"',
26 silly registry.get     'content-type': 'application/json',
26 silly registry.get     'cache-control': 'max-age=60',
26 silly registry.get     'content-length': '52013',
26 silly registry.get     'accept-ranges': 'bytes',
26 silly registry.get     via: '1.1 varnish',
26 silly registry.get     age: '0',
26 silly registry.get     'x-served-by': 'cache-ams4135-AMS',
26 silly registry.get     'x-cache': 'HIT',
26 silly registry.get     'x-cache-hits': '1',
26 silly registry.get     'x-timer': 'S1416210615.992219,VS0,VE368',
26 silly registry.get     vary: 'Accept',
26 silly registry.get     'keep-alive': 'timeout=10, max=50',
26 silly registry.get     connection: 'Keep-Alive' } ]
27 silly addNameRange number 2 { name: 'promised-io', range: '*', hasData: true }
28 silly addNameRange versions [ 'promised-io',
28 silly addNameRange   [ '0.0.1', '0.2.2', '0.2.3', '0.3.0', '0.3.3', '0.3.4' ] ]
29 verbose addNamed [ 'promised-io', '0.3.4' ]
30 verbose addNamed [ '0.3.4', '0.3.4' ]
31 silly lockFile 3a92a701-promised-io-0-3-4 promised-io@0.3.4
32 verbose lock promised-io@0.3.4 /Users/Gabi/.npm/3a92a701-promised-io-0-3-4.lock
33 silly lockFile 68414518-romised-io-promised-io-0-3-4-tgz https://registry.npmjs.org/promised-io/-/promised-io-0.3.4.tgz
34 verbose lock https://registry.npmjs.org/promised-io/-/promised-io-0.3.4.tgz /Users/Gabi/.npm/68414518-romised-io-promised-io-0-3-4-tgz.lock
35 verbose addRemoteTarball [ 'https://registry.npmjs.org/promised-io/-/promised-io-0.3.4.tgz',
35 verbose addRemoteTarball   'd71335a1a7ba61542924a83ece17ef3ba122443c' ]
36 info retry fetch attempt 1 at 08:50:18
37 verbose fetch to= /var/folders/nv/nflgngp96yjbkrc09q_2lpqr0000gn/T/npm-6591-RTjukJFW/registry.npmjs.org/promised-io/-/promised-io-0.3.4.tgz
38 http GET https://registry.npmjs.org/promised-io/-/promised-io-0.3.4.tgz
39 http 200 https://registry.npmjs.org/promised-io/-/promised-io-0.3.4.tgz
40 silly lockFile 68414518-romised-io-promised-io-0-3-4-tgz https://registry.npmjs.org/promised-io/-/promised-io-0.3.4.tgz
41 silly lockFile 68414518-romised-io-promised-io-0-3-4-tgz https://registry.npmjs.org/promised-io/-/promised-io-0.3.4.tgz
42 silly lockFile 3a92a701-promised-io-0-3-4 promised-io@0.3.4
43 silly lockFile 3a92a701-promised-io-0-3-4 promised-io@0.3.4
44 silly lockFile ed227c0a-promised-io promised-io@
45 silly lockFile ed227c0a-promised-io promised-io@
46 silly resolved [ { name: 'promised-io',
46 silly resolved     version: '0.3.4',
46 silly resolved     author: { name: 'Kris Zyp' },
46 silly resolved     description: 'Promise-based IO',
46 silly resolved     licenses: [ [Object], [Object] ],
46 silly resolved     repository: { type: 'git', url: 'http://github.com/kriszyp/promised-io' },
46 silly resolved     contributors: [ [Object], [Object], [Object], [Object] ],
46 silly resolved     keywords: [ 'promise', 'io' ],
46 silly resolved     mappings: { patr: 'http://github.com/kriszyp/patr/zipball/v0.2.5' },
46 silly resolved     directories: { lib: '.' },
46 silly resolved     main: './promise',
46 silly resolved     devDependencies: { patr: '>0.2.6', vows: '>=0.5.10' },
46 silly resolved     readme: 'Promised-IO is a cross-platform package for asynchronous promise-based IO. Promises\r\nprovide a simple robust mechanism asynchronicity with separation of concerns by encapsulating\r\neventual completion of an operation with side effect free callback registration\r\nseparate from call invocation. Promised-IO provides cross-platform \r\nfile, HTTP, and system interaction with promises for asynchronous operations.\r\n\r\nPromised-IO also utilizes "lazy arrays" for progressively completed \r\nactions or for streaming of data. Lazy arrays provide all the standard iterative Array methods for\r\nreceiving callbacks as actions are completed. Lazy arrays are utilized\r\nfor progressive loading of files and HTTP responses.\r\n\r\n# Installation\r\n\r\nPromised-IO can be installed via npm:\r\n\r\n\tnpm install promised-io\r\n\r\n# promise\r\n\r\nThe promise module provides the primary tools for creating new promises and interacting\r\nwith promises. The promise API used by promised-io is the [Promises/A](http://wiki.commonjs.org/wiki/Promises/A)\r\nproposal used by Dojo, jQuery, and other toolkits. Within promised-io, a promise is \r\ndefined as any object that implements the Promises/A API, that is they provide a\r\nthen() method that can take a callback. The then() methods definition is:\r\n\r\n    promise.then(fulfilledHandler, errorHandler);\r\n\r\nPromises can originate from a variety of sources, and promised-io provides a constructor, Deferred,\r\nto create promises.\r\n\r\n## when\r\n\r\n\twhen = require("promised-io/promise");\r\n\twhen(promiseOrValue, fulfilledHandler, errorHandler);\r\n\t\r\nYou can pass a promise to the when() function and the fulfillment and error handlers will be registered for it\'s\r\ncompletion *or* you can pass a regular value, and the fulfillment handler will be \r\nimmediately be called. The when function is a staple of working with promises because\r\nit allows you to write code that normalizes interaction with synchronous values and asynchronous promises.\r\nIf you pass in a promise, a new promise for the result of execution of the callback handler\r\nwill be returned. If you pass a normal value, the return value will be the value returned\r\nfrom the fulfilledHandler.\r\n\r\n## Deferred\r\n\r\n\tdeferred = require("promised-io/promise").Deferred(canceler);\r\n\r\nThe Deferred constructor is the primary mechanism for creating new promises. The Deferred\r\nobject is a form of a promise that with an interface for fulfilling or rejecting the promise.\r\nA Deferred object is a means for a producer to resolve a promise and it also provides\r\na promise for consumers that are listening for the resolution of the promise. The basic\r\nusage pattern looks like:\r\n\r\n\tvar Deferred = require("promised-io/promise").Deferred;\r\n    function delay(ms, value){\r\n    \t// create a new Deferred\r\n    \tvar deferred = new Deferred();\r\n    \tsetTimeout(function(){\r\n    \t\t// fulfill the deferred/promise, all listeners to the promise will be notified, and \r\n    \t\t// provided the value as the value of the promise \r\n    \t\tdeferred.resolve(value);\r\n    \t}, ms);\r\n    \t// return the promise that is associated with the Deferred object\r\n    \treturn deferred.promise;\r\n    }\r\n\r\nThe Deferred can optional take a canceler function. This function will cause resulting\r\npromises to have a cancel() method, and if the cancel() method is called, the \r\nDeferred will be canceled and the canceler function will be called.\r\n\r\nThe Deferred object has the following methods and properties:\r\n\r\n### resolve\r\n\r\n    deferred.resolve(value);\r\n\r\nThis will fulfill the Deferred\'s promise with the provided value. The fulfillment listeners to the promise\r\nwill be notified.\r\n\r\n### reject\r\n\r\n    deferred.reject(error);\r\n\r\nThis will reject the Deferred\'s promise with the provided error. The error listeners to the promise\r\nwill be notified.\r\n\r\n### promise\r\n\r\nThis is the promise object associated with the Deferred instance. The promise object \r\nwill not have any of the Deferred\'s fulfill or reject methods, and only provides an interface\r\nfor listening. This can be safely provided to consumers without any chance of being modified.\r\n\r\n### cancel\r\n\r\n    deferred.cancel();\r\n\r\nThis will cancel the Deferred.\r\n \r\n## currentContext\r\n\r\nOne of the challenges with working asynchronous code is that there can be times when\r\nyou wish for some contextual state information to be preserved across multiple\r\nasynchronous actions, without having to actually pass the state to each function in\r\nthe asynchronous chain. A common examples of such contextual state would be tracking\r\nthe current transaction, or the currently logged in user. Such state information could be \r\nstored in a singleton (a module property or a global variable), but with asynchronous\r\nactions being interleaved, this is unsuitable for tracking state across asynchronous continuations\r\nof an action. \r\n\r\nThe promised-io package\'s promise module provides a facility for tracking state across\r\nasynchronous operations. The promise module tracks the "currentContext" global variable,\r\nand whatever value that was in the variable at the time a promise was created\r\nwill be restored when that promise is fulfilled (or rejected). \r\n\r\n## all\r\n\r\n\tgroup = require("promised-io/promise").all(arrayOfPromises);\r\n\r\nThe all() function can be passed an array of promises, or multiple promises as individual\r\narguments, and all() will return a new promise that represents the completed values when all the promises\r\nhave been fulfilled. This allows you to easily run multiple asynchronous actions, and wait\r\nfor the completion ("join") of all the actions. For example:\r\n \r\n\tgroup = all(promise1, promise2, promise3);\r\n\tgroup.then(function(array){\r\n\t\tvar value1 = array[0]; // result of promise1\r\n\t\tvar value2 = array[1]; // result of promise2\r\n\t\tvar value3 = array[2]; // result of promise3\r\n\t});\r\n\r\n## first\r\n\r\n\tfirst = require("promised-io/promise").first(arrayOfPromises);\r\n\r\nThe first() function can be passed an array of promises, or multiple promises as individual\r\narguments, and first() will return a new promise that represents the completed value when the first promise\r\nis fulfilled. This allows you to run multiple asynchronous actions get the first result. For example:\r\n \r\n\tresponse = first(requestToMainSite, requestToMirrorSite1, requestToMirrorSite2);\r\n\tresponse.then(function(response){\r\n\t\t// response from the first site to respond\r\n\t});\r\n\r\n## seq\r\n\r\n\tresult = require("promised-io/promise").seq(arrayOfActionFunctions, startingValue);\r\n\r\nThe seq() function can be passed an array of functions, and seq() will execute each function\r\nin sequence, waiting for the promise returned from each one to complete before executing\r\nthe next function. Each function will be called with the result of the last function (or the\r\nstartingValue for the first function).\r\n\r\n## whenPromise\r\n\r\n\tresultPromise = require("promised-io/promise").whenPromise(valueOrPromise, fulfillmentHandler, errorHandler); \r\n\r\nThe whenPromise() function behaves exactly like when() except that whenPromise\r\nwill always return a promise, even if a non-promise value is passed in.\r\n\r\n## allKeys\r\n\r\n\tgroup = require("promised-io/promise").allKeys(hashOfPromises);\r\n\r\nTakes a hash of promises and returns a promise that is fulfilled once all the promises in the hash keys are fulfilled.\r\n\r\n# fs\r\n\t\r\nThis module provides promise-based access to the filesystem. The API of the fs module\r\nbasically follows the [Node File System module API](http://nodejs.org/api/fs.html).\r\nEach of the asynchronous functions in the Node\'s FS API is reflected with a corresponding \r\nfunction in the fs module that returns a promise (instead of requiring a callback argument in the initial call).\r\nFor example, where Node has fs.rename(path1, path2, [callback]), with promised-io\r\nyou would call it:\r\n\r\n\tvar fs = require("promised-io/fs").fs;\r\n\tfs.rename(path1, path2).then(function(){\r\n\t\t// finished renaming\r\n\t}); \r\n\r\nOne function that does differ from NodeJS\'s fs module is the open() function.\r\n\r\n## open\r\n\r\n\tvar file = require("promised-io/fs").open(path, mode);\r\n\r\nThe open() function differs from simply being a promise-based version of the Node\'s\r\nopen() function in that it immediately returns (even though the opening of the\r\nfile is asynchronous) a file object that be used to read from and write to the file.\r\n\r\nTo write to the file object, we can write:\r\n\r\n\tpromiseForCompletion = file.write(contents, options, encoding);\r\n\r\nTo close the file object, we can write:\r\n\r\n\tpromiseForCompletion = file.close();\r\n\r\nWe can also use file.writeSync and file.closeSync for the synchronous versions of these\r\nfunctions.\r\n\r\nThe file object is also a lazy array, which means you can read from the file using \r\nstandard array methods. To asynchronously read the contents of a file, you can do:\r\n \r\n\tfile.forEach(function(chunk){\r\n\t\t// called for each chunk of the file until the end of the file is reached.\r\n\t});\r\n\r\n# lazy-array\r\n\r\nThe lazy-array module provides the functionality for creating and using lazy arrays,\r\nwhich are objects that implement the interface of the standard iterative array methods for accessing\r\nstreams of data. Array methods can be called and they will be\r\nasynchronously executed as data is available. Lazy arrays are powerful way to model\r\nasynchronous streams since they can used like other JavaScript arrays.\r\n\r\nTypically you don\'t need to directly use this module, rather other IO modules like the \r\nfile system (fs) and HTTP (http-client) modules provide lazy arrays that you can interact\r\nwith. For example, we could search through a file for the string "lazy" and stop reading\r\nonce we find it using the standard some() method:\r\n\r\n\tif(file.some(function(chunk){\r\n\t\treturn chunk.toString().indexOf("lazy") > -1;\r\n\t}));\r\n\r\nLazy arrays include the follow standard array methods, providing access to the data\r\nas the stream data becomes available:\r\n\r\n* forEach\r\n* concat\r\n\r\nAdditional iterative methods can also access data as it available *and* as it is requested from\r\nthe returned lazy array. This means that in order for this function to be excuted, the\r\nresulting array should have a forEach (or any of the other standard methods) called on \r\nit to trigger the request for data. These methods follow this behavior: \r\n\r\n* filter\r\n* every\r\n* some\r\n* map\r\n\r\nAnd also these standard methods, although these must fully fetch the stream:\r\n\r\n* join\r\n* sort\r\n* reverse\r\n\r\nAlso the following additional methods are available on lazy arrays:\r\n\r\n* toRealArray() - This will fetch all the data and return it as a real JavaScript array.\r\n* get(index) - This retrieves an element by index.\r\n\r\n## LazyArray\r\n\r\n\tlazyArray = require("promised-io/lazy-array").LazyArray({\r\n\t\tsome: someImplementation,\r\n\t\tlength: arrayLength\r\n\t});\r\n\r\nThis function is a constructor for creating your own lazy arrays. With this function,\r\nyou don\'t need to implement the entire set of array methods, you can just implement\r\nthe some() method and provide an array length, if it is known.\r\n\r\n## first\r\n\r\n\tfirst = require("promised-io/lazy-array").first(lazyArray);\r\n\t\r\nThis function returns the first element in a lazy array.\r\n\r\n## last\r\n\r\n\tlast = require("promised-io/lazy-array").last(lazyArray);\r\n\t\r\nThis function returns the last element in a lazy array.\r\n\r\n## get\r\n\r\n\titem = require("promised-io/lazy-array").get(index);\r\n\t\r\nThis function returns the an element by index from a lazy array.\r\n\r\n# http-client\r\n\r\nThis module provides convenient promise-based access to making HTTP requests.\r\n\r\nPromised-IO is part of the Persevere project, and therefore is licensed under the\r\nAFL or BSD license. The Persevere project is administered under the Dojo foundation,\r\nand all contributions require a Dojo CLA.',
46 silly resolved     readmeFilename: 'README.md',
46 silly resolved     bugs: { url: 'https://github.com/kriszyp/promised-io/issues' },
46 silly resolved     _id: 'promised-io@0.3.4',
46 silly resolved     dist:
46 silly resolved      { shasum: 'd71335a1a7ba61542924a83ece17ef3ba122443c',
46 silly resolved        tarball: 'http://registry.npmjs.org/promised-io/-/promised-io-0.3.4.tgz' },
46 silly resolved     _from: 'promised-io@',
46 silly resolved     _npmVersion: '1.3.11',
46 silly resolved     _npmUser: { name: 'kriszyp', email: 'kriszyp@gmail.com' },
46 silly resolved     maintainers: [ [Object], [Object] ],
46 silly resolved     _shasum: 'd71335a1a7ba61542924a83ece17ef3ba122443c',
46 silly resolved     _resolved: 'https://registry.npmjs.org/promised-io/-/promised-io-0.3.4.tgz' } ]
47 info install promised-io@0.3.4 into /usr/local/lib
48 info installOne promised-io@0.3.4
49 verbose lib/node_modules/promised-io unbuild
50 verbose tar unpack /Users/Gabi/.npm/promised-io/0.3.4/package.tgz
51 silly lockFile 8fb306d9-cal-lib-node-modules-promised-io tar:///usr/local/lib/node_modules/promised-io
52 verbose lock tar:///usr/local/lib/node_modules/promised-io /Users/Gabi/.npm/8fb306d9-cal-lib-node-modules-promised-io.lock
53 silly lockFile 1e7dd1a4-pm-promised-io-0-3-4-package-tgz tar:///Users/Gabi/.npm/promised-io/0.3.4/package.tgz
54 verbose lock tar:///Users/Gabi/.npm/promised-io/0.3.4/package.tgz /Users/Gabi/.npm/1e7dd1a4-pm-promised-io-0-3-4-package-tgz.lock
55 silly gunzTarPerm modes [ '755', '644' ]
56 error Error: EACCES, mkdir '/usr/local/lib/node_modules/promised-io'
56 error  { [Error: EACCES, mkdir '/usr/local/lib/node_modules/promised-io']
56 error   errno: 3,
56 error   code: 'EACCES',
56 error   path: '/usr/local/lib/node_modules/promised-io',
56 error   fstream_type: 'Directory',
56 error   fstream_path: '/usr/local/lib/node_modules/promised-io',
56 error   fstream_class: 'DirWriter',
56 error   fstream_stack:
56 error    [ '/usr/local/lib/node_modules/npm/node_modules/fstream/lib/dir-writer.js:36:23',
56 error      '/usr/local/lib/node_modules/npm/node_modules/mkdirp/index.js:46:53',
56 error      'Object.oncomplete (fs.js:107:15)' ] }
57 error Please try running this command again as root/Administrator.
58 error System Darwin 14.0.0
59 error command "node" "/usr/local/bin/npm" "install" "--global" "--verbose" "promised-io"
60 error cwd /Users/Gabi/chroma/kolore
61 error node -v v0.10.33
62 error npm -v 1.4.28
63 error path /usr/local/lib/node_modules/promised-io
64 error fstream_path /usr/local/lib/node_modules/promised-io
65 error fstream_type Directory
66 error fstream_class DirWriter
67 error code EACCES
68 error errno 3
69 error stack Error: EACCES, mkdir '/usr/local/lib/node_modules/promised-io'
70 error fstream_stack /usr/local/lib/node_modules/npm/node_modules/fstream/lib/dir-writer.js:36:23
70 error fstream_stack /usr/local/lib/node_modules/npm/node_modules/mkdirp/index.js:46:53
70 error fstream_stack Object.oncomplete (fs.js:107:15)
71 verbose exit [ 3, true ]
